SDPA start at [Tue Jun  9 16:12:20 2020]
set   is DEFAULT
data   is sdpa-problem.dat-s  : sparse
"GRET-SDP: mDim=d*(d+1)/2*M, nBlock = 1, {-d*M,...,-d*M}"
out    is sdpa-problem.out
NumThreads  is set as 1
Schur computation : DENSE 
   mu      thetaP  thetaD  objP      objD      alphaP  alphaD  beta 
 0 1.0e+08 1.0e+00 1.0e+00 -0.00e+00 -4.48e+08 1.0e+00 7.6e-01 3.00e-01
 1 3.9e+07 0.0e+00 2.4e-01 +2.02e+05 -9.73e+07 7.4e-01 7.4e-01 3.00e-01
 2 1.5e+07 4.0e-16 6.3e-02 +3.07e+05 -2.72e+07 7.8e-01 7.8e-01 3.00e-01
 3 4.8e+06 8.0e-16 1.4e-02 +4.69e+05 -6.26e+06 8.0e-01 8.0e-01 3.00e-01
 4 1.4e+06 8.0e-16 2.8e-03 +7.09e+05 -1.28e+06 8.3e-01 8.3e-01 3.00e-01
 5 4.1e+05 1.6e-15 4.8e-04 +1.03e+06 -2.57e+05 9.6e-01 9.6e-01 3.00e-01
 6 1.0e+05 1.6e-15 1.7e-05 +1.27e+06 -5.17e+04 1.2e+00 1.0e+00 3.00e-01
 7 2.3e+04 1.6e-15 4.4e-20 +3.02e+05 -4.32e+04 6.8e-01 3.0e+00 1.00e-01
 8 7.5e+03 1.4e-15 1.3e-19 +9.56e+04 -1.76e+04 7.9e-01 1.1e+00 1.00e-01
 9 2.1e+03 1.5e-15 6.7e-20 +2.07e+04 -1.05e+04 6.8e-01 1.3e+00 1.00e-01
10 6.7e+02 1.5e-15 4.8e-20 +4.21e+03 -5.83e+03 7.2e-01 8.8e-01 1.00e-01
11 2.0e+02 1.6e-15 4.4e-20 -4.22e+01 -3.09e+03 8.3e-01 8.4e-01 1.00e-01
12 5.0e+01 1.6e-15 2.3e-20 -1.30e+03 -2.05e+03 8.4e-01 8.6e-01 1.00e-01
13 1.2e+01 1.5e-15 2.2e-20 -1.57e+03 -1.74e+03 8.4e-01 8.9e-01 1.00e-01
14 2.6e+00 1.5e-15 1.2e-20 -1.62e+03 -1.66e+03 8.5e-01 9.0e-01 1.00e-01
15 5.3e-01 1.5e-15 2.2e-20 -1.63e+03 -1.64e+03 8.5e-01 9.0e-01 1.00e-01
16 1.1e-01 1.5e-15 3.0e-20 -1.63e+03 -1.64e+03 8.5e-01 9.1e-01 1.00e-01
17 2.2e-02 1.5e-15 2.2e-20 -1.63e+03 -1.64e+03 8.5e-01 9.1e-01 1.00e-01
18 4.5e-03 1.5e-15 2.6e-20 -1.63e+03 -1.64e+03 8.5e-01 9.1e-01 1.00e-01
19 8.9e-04 1.5e-15 2.2e-20 -1.63e+03 -1.63e+03 8.5e-01 9.1e-01 1.00e-01
20 1.8e-04 1.5e-15 2.4e-20 -1.63e+03 -1.63e+03 8.5e-01 9.1e-01 1.00e-01
21 3.6e-05 1.5e-15 2.2e-20 -1.63e+03 -1.63e+03 8.5e-01 9.1e-01 1.00e-01
22 7.2e-06 1.5e-15 2.2e-20 -1.63e+03 -1.63e+03 8.5e-01 9.1e-01 1.00e-01

phase.value  = pdOPT     
   Iteration = 22
          mu = +7.1778500872217899e-06
relative gap = +6.5853155284114379e-08
        gap  = +1.0766774016701675e-04
     digits  = +7.1814234114440287e+00
objValPrimal = -1.6349670134615251e+03
objValDual   = -1.6349671211292653e+03
p.feas.error = +1.3642420526593924e-11
d.feas.error = +2.2204460492503131e-16
total time   = 0.017967
** Parameters **
maxIteration = 1000
epsilonStar  = +9.9999999999999995e-08
lambdaStar   = +1.0000000000000000e+04
omegaStar    = +2.0000000000000000e+00
lowerBound   = -1.0000000000000000e+05
upperBound   = +1.0000000000000000e+05
betaStar     = +1.0000000000000001e-01
betaBar      = +2.9999999999999999e-01
gammaStar    = +8.0000000000000004e-01
epsilonDash  = +9.9999999999999995e-08
xPrint       = %+8.3e 
XPrint       = %+8.3e 
YPrint       = %+8.3e 
infPrint     = %+10.16e 

                         Time(sec)  Ratio(% : MainLoop) 
 Predictor time  =       0.014487,  81.580133
 Corrector time  =       0.000126,  0.709539
 Make bMat time  =       0.013418,  75.560311
 Make bDia time  =       0.000000,  0.000000
 Make bF1  time  =       0.000000,  0.000000
 Make bF2  time  =       0.000000,  0.000000
 Make bF3  time  =       0.000161,  0.906634
 Make bPRE time  =       0.000011,  0.061944
 Make rMat time  =       0.000038,  0.213988
 Make gVec Mul   =       0.000022,  0.123888
 Make gVec time  =       0.000037,  0.208357
 Cholesky bMat   =       0.000743,  4.184030
 Ste Pre time    =       0.000004,  0.022525
 Ste Cor time    =       0.001457,  8.204753
 solve           =       0.000050,  0.281563
 sumDz           =       0.000032,  0.180200
 makedX          =       0.000065,  0.366032
 symmetriseDx    =       0.000028,  0.157675
 makedXdZ        =       0.000127,  0.715171
 xMatTime        =       0.000094,  0.529339
 zMatTime        =       0.000076,  0.427976
 invzMatTime     =       0.000000,  0.000000
 xMatzMatTime    =       0.000000,  0.000000
 EigxMatTime     =       0.000763,  4.296655
 EigzMatTime     =       0.000682,  3.840523
 EigxMatzMatTime =       0.000000,  0.000000
 updateRes       =       0.000040,  0.225251
 EigTime         =       0.001445,  8.137178
 sub_total_bMat  =       0.004340,  24.439689
 Main Loop       =       0.017758,  100.000000
 File Check      =       0.000000,  0.000000
 File Change     =       0.000001,  0.005631
 File Read       =       0.000208,  1.171303
 Total           =       0.017967,  101.176934

xVec = 
{-3.871e+02,-2.502e+02,-1.364e+01,-1.320e+02,-1.498e+02,+2.737e+02,-5.144e+02,+5.111e+02,-4.380e+02,-3.154e+02,+1.970e+02,+8.839e+00,-2.701e+02,+3.623e+01,+3.436e+02,-2.810e+01,-4.548e+01,+1.304e+02,-4.084e+02,+7.994e+01,-1.533e+02,-1.920e+01,+1.080e+02,+2.830e+02,-1.174e+02,-2.356e+02,+2.223e+02,-8.239e+01,+5.983e+01,-5.644e+01}
xMat = 
{
{ {+1.166e+03,+6.003e+02,+1.532e+03,+3.770e+02,-1.531e+02,+6.780e+01,-5.936e+02,+5.421e-01,-5.272e+01,+5.111e+02,-1.231e+02,-2.206e+02,+3.139e+02,+2.614e+02,+2.160e+02 },
  {+6.003e+02,+1.774e+03,+1.829e+03,+3.720e+02,-3.570e+02,-1.971e+02,-6.496e+02,-3.206e+02,-3.442e+01,+6.077e+02,+1.841e+02,-2.871e+02,+1.436e+02,+3.807e+02,+5.113e+02 },
  {+1.532e+03,+1.829e+03,+5.546e+03,+1.301e+03,-9.725e+02,+1.229e+02,-1.315e+03,-4.193e+02,-5.915e+02,+1.007e+03,+7.689e+01,-9.817e+02,+7.897e+02,+1.132e+03,+5.991e+02 },
  {+3.770e+02,+3.720e+02,+1.301e+03,+4.846e+03,-3.326e+03,+4.711e+02,+1.288e+03,+3.402e+02,+6.800e+02,-9.451e+02,-1.566e+01,+1.080e+03,-8.941e+02,-1.184e+03,-4.911e+02 },
  {-1.531e+02,-3.570e+02,-9.725e+02,-3.326e+03,+2.848e+03,-3.584e+01,-8.977e+02,-3.860e+02,-5.024e+02,+6.847e+02,+1.550e+02,-8.235e+02,+5.625e+02,+9.017e+02,+4.469e+02 },
  {+6.780e+01,-1.971e+02,+1.229e+02,+4.711e+02,-3.584e+01,+9.400e+02,+7.083e+01,-1.414e+02,+1.891e+02,+2.865e+01,+1.768e+02,+1.565e+02,-2.443e+02,-1.402e+02,+1.709e+02 },
  {-5.936e+02,-6.496e+02,-1.315e+03,+1.288e+03,-8.977e+02,+7.083e+01,+5.611e+03,+1.581e+03,+2.031e+03,+1.210e+03,+4.227e+01,-8.854e+02,+8.046e+02,+1.084e+03,+7.435e+02 },
  {+5.421e-01,-3.206e+02,-4.193e+02,+3.402e+02,-3.860e+02,-1.414e+02,+1.581e+03,+1.284e+03,+4.732e+02,+3.447e+02,+2.279e+02,-2.923e+02,+9.534e+01,+3.700e+02,+3.620e+02 },
  {-5.272e+01,-3.442e+01,-5.915e+02,+6.800e+02,-5.024e+02,+1.891e+02,+2.031e+03,+4.732e+02,+1.737e+03,+2.497e+02,-1.100e+01,-4.983e+02,+4.195e+02,+5.547e+02,+9.580e+01 },
  {+5.111e+02,+6.077e+02,+1.007e+03,-9.451e+02,+6.847e+02,+2.865e+01,+1.210e+03,+3.447e+02,+2.497e+02,+4.043e+03,+3.902e+02,-3.018e+03,-6.450e+02,-9.200e+02,-7.505e+02 },
  {-1.231e+02,+1.841e+02,+7.689e+01,-1.566e+01,+1.550e+02,+1.768e+02,+4.227e+01,+2.279e+02,-1.100e+01,+3.902e+02,+8.547e+02,-1.284e+02,+1.031e+02,-1.024e+02,-2.105e+02 },
  {-2.206e+02,-2.871e+02,-9.817e+02,+1.080e+03,-8.235e+02,+1.565e+02,-8.854e+02,-2.923e+02,-4.983e+02,-3.018e+03,-1.284e+02,+3.692e+03,+6.993e+02,+1.005e+03,+4.412e+02 },
  {+3.139e+02,+1.436e+02,+7.897e+02,-8.941e+02,+5.625e+02,-2.443e+02,+8.046e+02,+9.534e+01,+4.195e+02,-6.450e+02,+1.031e+02,+6.993e+02,+2.455e+03,+2.685e+03,+1.130e+03 },
  {+2.614e+02,+3.807e+02,+1.132e+03,-1.184e+03,+9.017e+02,-1.402e+02,+1.084e+03,+3.700e+02,+5.547e+02,-9.200e+02,-1.024e+02,+1.005e+03,+2.685e+03,+4.141e+03,+2.074e+03 },
  {+2.160e+02,+5.113e+02,+5.991e+02,-4.911e+02,+4.469e+02,+1.709e+02,+7.435e+02,+3.620e+02,+9.580e+01,-7.505e+02,-2.105e+02,+4.412e+02,+1.130e+03,+2.074e+03,+2.194e+03 }   }
}
yMat = 
{
{ {+1.000e+00,+7.161e-20,-1.556e-17,-7.656e-01,-6.425e-01,+3.166e-02,+6.703e-01,-6.575e-01,-3.440e-01,-6.578e-01,+7.176e-01,-2.286e-01,-8.465e-01,+4.249e-01,-3.208e-01 },
  {+7.161e-20,+1.000e+00,-8.149e-18,-1.956e-01,+2.794e-01,+9.400e-01,+4.087e-01,+7.140e-01,-5.684e-01,-6.710e-01,-6.963e-01,-2.550e-01,+3.075e-01,-1.016e-01,-9.461e-01 },
  {-1.556e-17,-8.149e-18,+1.000e+00,-6.129e-01,+7.135e-01,-3.396e-01,+6.194e-01,+2.404e-01,+7.474e-01,-3.422e-01,-1.440e-02,+9.395e-01,-4.345e-01,-8.995e-01,-4.464e-02 },
  {-7.656e-01,-1.956e-01,-6.129e-01,+1.000e+00,-5.548e-17,+1.685e-19,-9.727e-01,+2.164e-01,-8.348e-02,+8.446e-01,-4.044e-01,-3.509e-01,+8.543e-01,+2.459e-01,+4.580e-01 },
  {-6.425e-01,+2.794e-01,+7.135e-01,-5.548e-17,+1.000e+00,+1.373e-19,+1.254e-01,+7.935e-01,+5.954e-01,-8.911e-03,-6.659e-01,+7.460e-01,+3.198e-01,-9.432e-01,-9.008e-02 },
  {+3.166e-02,+9.400e-01,-3.396e-01,+1.685e-19,+1.373e-19,+1.000e+00,+1.951e-01,+5.687e-01,-7.990e-01,-5.354e-01,-6.269e-01,-5.660e-01,+4.099e-01,+2.234e-01,-8.844e-01 },
  {+6.703e-01,+4.087e-01,+6.194e-01,-9.727e-01,+1.254e-01,+1.951e-01,+1.000e+00,+4.254e-17,-2.117e-17,-9.271e-01,+1.875e-01,+3.245e-01,-7.109e-01,-3.139e-01,-6.294e-01 },
  {-6.575e-01,+7.140e-01,+2.404e-01,+2.164e-01,+7.935e-01,+5.687e-01,+4.254e-17,+1.000e+00,-5.689e-17,-1.288e-01,-9.725e-01,+1.941e-01,+6.717e-01,-5.682e-01,-4.753e-01 },
  {-3.440e-01,-5.684e-01,+7.474e-01,-8.348e-02,+5.954e-01,-7.990e-01,-2.117e-17,-5.689e-17,+1.000e+00,+3.520e-01,+1.381e-01,+9.258e-01,-2.084e-01,-7.607e-01,+6.148e-01 },
  {-6.578e-01,-6.710e-01,-3.422e-01,+8.446e-01,-8.911e-03,-5.354e-01,-9.271e-01,-1.288e-01,+3.520e-01,+1.000e+00,+3.887e-17,+4.007e-18,+4.992e-01,+9.647e-02,+8.611e-01 },
  {+7.176e-01,-6.963e-01,-1.440e-02,-4.044e-01,-6.659e-01,-6.269e-01,+1.875e-01,-9.725e-01,+1.381e-01,+3.887e-17,+1.000e+00,+2.047e-17,-8.154e-01,+3.886e-01,+4.292e-01 },
  {-2.286e-01,-2.550e-01,+9.395e-01,-3.509e-01,+7.460e-01,-5.660e-01,+3.245e-01,+1.941e-01,+9.258e-01,+4.007e-18,+2.047e-17,+1.000e+00,-2.932e-01,-9.163e-01,+2.726e-01 },
  {-8.465e-01,+3.075e-01,-4.345e-01,+8.543e-01,+3.198e-01,+4.099e-01,-7.109e-01,+6.717e-01,-2.084e-01,+4.992e-01,-8.154e-01,-2.932e-01,+1.000e+00,+5.099e-17,-2.573e-17 },
  {+4.249e-01,-1.016e-01,-8.995e-01,+2.459e-01,-9.432e-01,+2.234e-01,-3.139e-01,-5.682e-01,-7.607e-01,+9.647e-02,+3.886e-01,-9.163e-01,+5.099e-17,+1.000e+00,+4.674e-17 },
  {-3.208e-01,-9.461e-01,-4.464e-02,+4.580e-01,-9.008e-02,-8.844e-01,-6.294e-01,-4.753e-01,+6.148e-01,+8.611e-01,+4.292e-01,+2.726e-01,-2.573e-17,+4.674e-17,+1.000e+00 }   }
}
    main loop time = 0.017758
        total time = 0.017967
  file  check time = 0.000000
  file change time = 0.000001
  file   read time = 0.000208
SDPA end at [Tue Jun  9 16:12:20 2020]
ALL TIME = 0.020004
